Build started 2013/4/27 15:05:55.
     1>Project "E:\Inforsecurity\CaptureClient\Source\StandBy\SpyClient\Standby.vcxproj" on node 2 (rebuild target(s)).
     1>_PrepareForClean:
         Deleting file "Release\StandBy.lastbuildstate".
       InitializeBuildStatus:
         Creating "Release\StandBy.unsuccessfulbuild" because "AlwaysCreate" was specified.
       ClCompile:
         E:\Program Files (x86)\Microsoft Visual Studio 10.0\VC\bin\CL.exe /c /Zi /nologo /W3 /WX- /O2 /Oi /Oy- /GL /D WIN32 /D NDEBUG /D _CONSOLE /D WPCAP /D HAVE_REMOTE /D _UNICODE /D UNICODE /D _AFXDLL /Gm- /EHsc /MD /GS /Gy /fp:precise /Zc:wchar_t /Zc:forScope /Yc"StdAfx.h" /Fp"Release\StandBy.pch" /Fo"Release\\" /Fd"Release\vc100.pdb" /Gd /TP /analyze- /errorReport:prompt stdafx.cpp
         stdafx.cpp
         E:\Program Files (x86)\Microsoft Visual Studio 10.0\VC\bin\CL.exe /c /Zi /nologo /W3 /WX- /O2 /Oi /Oy- /GL /D WIN32 /D NDEBUG /D _CONSOLE /D WPCAP /D HAVE_REMOTE /D _UNICODE /D UNICODE /D _AFXDLL /Gm- /EHsc /MD /GS /Gy /fp:precise /Zc:wchar_t /Zc:forScope /Yu"StdAfx.h" /Fp"Release\StandBy.pch" /Fo"Release\\" /Fd"Release\vc100.pdb" /Gd /TP /analyze- /errorReport:prompt MonCtrl.cpp ServiceCtrl.cpp StandBy.cpp
         MonCtrl.cpp
     1>MonCtrl.cpp(103): warning C4996: 'strcpy': This function or variable may be unsafe. Consider using strcpy_s instead. To disable deprecation, use _CRT_SECURE_NO_WARNINGS. See online help for details.
                 E:\Program Files (x86)\Microsoft Visual Studio 10.0\VC\include\string.h(105) : see declaration of 'strcpy'
     1>MonCtrl.cpp(174): warning C4996: 'fopen': This function or variable may be unsafe. Consider using fopen_s instead. To disable deprecation, use _CRT_SECURE_NO_WARNINGS. See online help for details.
                 E:\Program Files (x86)\Microsoft Visual Studio 10.0\VC\include\stdio.h(234) : see declaration of 'fopen'
         ServiceCtrl.cpp
         StandBy.cpp
     1>StandBy.cpp(37): warning C4996: 'sprintf': This function or variable may be unsafe. Consider using sprintf_s instead. To disable deprecation, use _CRT_SECURE_NO_WARNINGS. See online help for details.
                 E:\Program Files (x86)\Microsoft Visual Studio 10.0\VC\include\stdio.h(371) : see declaration of 'sprintf'
     1>StandBy.cpp(44): warning C4996: 'fopen': This function or variable may be unsafe. Consider using fopen_s instead. To disable deprecation, use _CRT_SECURE_NO_WARNINGS. See online help for details.
                 E:\Program Files (x86)\Microsoft Visual Studio 10.0\VC\include\stdio.h(234) : see declaration of 'fopen'
       Link:
         E:\Program Files (x86)\Microsoft Visual Studio 10.0\VC\bin\link.exe /ERRORREPORT:PROMPT /OUT:"E:\Inforsecurity\CaptureClient\Source\Release\StandBy.exe" /INCREMENTAL:NO /NOLOGO ws2_32.lib /MANIFEST /ManifestFile:"Release\StandBy.exe.intermediate.manifest" /MANIFESTUAC:"level='asInvoker' uiAccess='false'" /DEBUG /PDB:"E:\Inforsecurity\CaptureClient\Source\Release\StandBy.pdb" /SUBSYSTEM:CONSOLE /OPT:REF /OPT:ICF /LTCG /TLBID:1 /DYNAMICBASE /NXCOMPAT /IMPLIB:"E:\Inforsecurity\CaptureClient\Source\Release\StandBy.lib" /MACHINE:X86 Release\MonCtrl.obj
         Release\ServiceCtrl.obj
         Release\StandBy.obj
         Release\stdafx.obj
         Generating code
         Finished generating code
         Standby.vcxproj -> E:\Inforsecurity\CaptureClient\Source\Release\StandBy.exe
       Manifest:
         C:\Program Files (x86)\Microsoft SDKs\Windows\v7.0A\bin\mt.exe /nologo /verbose /outputresource:"E:\Inforsecurity\CaptureClient\Source\Release\StandBy.exe;#1" /manifest Release\StandBy.exe.intermediate.manifest "E:\Program Files (x86)\Microsoft Visual Studio 10.0\VC\Include\Manifest\dpiaware.manifest"
       FinalizeBuildStatus:
         Deleting file "Release\StandBy.unsuccessfulbuild".
         Touching "Release\StandBy.lastbuildstate".
     1>Done Building Project "E:\Inforsecurity\CaptureClient\Source\StandBy\SpyClient\Standby.vcxproj" (rebuild target(s)).

Build succeeded.

Time Elapsed 00:00:07.34
