E:\INFORSECURITY\CAPTURECLIENT\SOURCE\DEBUG\SPYCLIENT.EXE
E:\INFORSECURITY\CAPTURECLIENT\SOURCE\DEBUG\SPYCLIENT.ILK
E:\INFORSECURITY\CAPTURECLIENT\SOURCE\DEBUG\SPYCLIENT.PDB
E:\INFORSECURITY\CAPTURECLIENT\SOURCE\SPYCLIENT\DEBUG\APPCONFIG.OBJ
E:\INFORSECURITY\CAPTURECLIENT\SOURCE\SPYCLIENT\DEBUG\BASE64.OBJ
E:\INFORSECURITY\CAPTURECLIENT\SOURCE\SPYCLIENT\DEBUG\CAPTUREPACKETTHREAD.OBJ
E:\Inforsecurity\CaptureClient\Source\SpyClient\Debug\cl.command.1.tlog
E:\Inforsecurity\CaptureClient\Source\SpyClient\Debug\CL.read.1.tlog
E:\Inforsecurity\CaptureClient\Source\SpyClient\Debug\CL.write.1.tlog
E:\INFORSECURITY\CAPTURECLIENT\SOURCE\SPYCLIENT\DEBUG\EMAILPARSE.OBJ
E:\Inforsecurity\CaptureClient\Source\SpyClient\Debug\link.18676.read.1.tlog
E:\Inforsecurity\CaptureClient\Source\SpyClient\Debug\link.18676.write.1.tlog
E:\Inforsecurity\CaptureClient\Source\SpyClient\Debug\link.18676-cvtres.read.1.tlog
E:\Inforsecurity\CaptureClient\Source\SpyClient\Debug\link.18676-cvtres.write.1.tlog
E:\Inforsecurity\CaptureClient\Source\SpyClient\Debug\link.command.1.tlog
E:\Inforsecurity\CaptureClient\Source\SpyClient\Debug\link.read.1.tlog
E:\Inforsecurity\CaptureClient\Source\SpyClient\Debug\link.write.1.tlog
E:\Inforsecurity\CaptureClient\Source\SpyClient\Debug\link-cvtres.read.1.tlog
E:\Inforsecurity\CaptureClient\Source\SpyClient\Debug\link-cvtres.write.1.tlog
E:\INFORSECURITY\CAPTURECLIENT\SOURCE\SPYCLIENT\DEBUG\LOGMOD.OBJ
E:\INFORSECURITY\CAPTURECLIENT\SOURCE\SPYCLIENT\DEBUG\MAINCTRL.OBJ
E:\Inforsecurity\CaptureClient\Source\SpyClient\Debug\mt.command.1.tlog
E:\Inforsecurity\CaptureClient\Source\SpyClient\Debug\mt.read.1.tlog
E:\Inforsecurity\CaptureClient\Source\SpyClient\Debug\mt.write.1.tlog
E:\INFORSECURITY\CAPTURECLIENT\SOURCE\SPYCLIENT\DEBUG\PACKETSTRUCT.OBJ
E:\INFORSECURITY\CAPTURECLIENT\SOURCE\SPYCLIENT\DEBUG\PROTOBUFTHREAD.OBJ
E:\INFORSECURITY\CAPTURECLIENT\SOURCE\SPYCLIENT\DEBUG\PROTOMESSAGE.PB.OBJ
E:\Inforsecurity\CaptureClient\Source\SpyClient\Debug\rc.command.1.tlog
E:\Inforsecurity\CaptureClient\Source\SpyClient\Debug\rc.read.1.tlog
E:\Inforsecurity\CaptureClient\Source\SpyClient\Debug\rc.write.1.tlog
E:\INFORSECURITY\CAPTURECLIENT\SOURCE\SPYCLIENT\DEBUG\SENDDATATHREAD.OBJ
E:\INFORSECURITY\CAPTURECLIENT\SOURCE\SPYCLIENT\DEBUG\SERVICECTRL.OBJ
E:\INFORSECURITY\CAPTURECLIENT\SOURCE\SPYCLIENT\DEBUG\SNAPPY.OBJ
E:\INFORSECURITY\CAPTURECLIENT\SOURCE\SPYCLIENT\DEBUG\SNAPPY-SINKSOURCE.OBJ
E:\INFORSECURITY\CAPTURECLIENT\SOURCE\SPYCLIENT\DEBUG\SNAPPY-STUBS-INTERNAL.OBJ
E:\INFORSECURITY\CAPTURECLIENT\SOURCE\SPYCLIENT\DEBUG\SPYCLIENT.EXE.EMBED.MANIFEST
E:\INFORSECURITY\CAPTURECLIENT\SOURCE\SPYCLIENT\DEBUG\SPYCLIENT.EXE.EMBED.MANIFEST.RES
E:\INFORSECURITY\CAPTURECLIENT\SOURCE\SPYCLIENT\DEBUG\SPYCLIENT.EXE.INTERMEDIATE.MANIFEST
E:\INFORSECURITY\CAPTURECLIENT\SOURCE\SPYCLIENT\DEBUG\SPYCLIENT.OBJ
E:\Inforsecurity\CaptureClient\Source\SpyClient\Debug\SpyClient_manifest.rc
E:\INFORSECURITY\CAPTURECLIENT\SOURCE\SPYCLIENT\DEBUG\STDAFX.OBJ
E:\INFORSECURITY\CAPTURECLIENT\SOURCE\SPYCLIENT\DEBUG\UTILS.OBJ
E:\Inforsecurity\CaptureClient\Source\SpyClient\Debug\vc100.idb
E:\INFORSECURITY\CAPTURECLIENT\SOURCE\SPYCLIENT\DEBUG\VC100.PDB
