Build started 2013/3/25 13:15:10.
     1>Project "E:\Inforsecurity\CaptureClient\Source\SpyClient\SpyClient.vcxproj" on node 2 (rebuild target(s)).
     1>_PrepareForClean:
         Deleting file "Debug\SpyClient.lastbuildstate".
       InitializeBuildStatus:
         Creating "Debug\SpyClient.unsuccessfulbuild" because "AlwaysCreate" was specified.
       ClCompile:
         E:\Program Files (x86)\Microsoft Visual Studio 10.0\VC\bin\CL.exe /c /IE:\Inforsecurity\CaptureClient\Source\SpyClient\snappy /IE:\Inforsecurity\CaptureClient\Source\thirdparty\WpdPack\Include /IE:\Inforsecurity\CaptureClient\Source\thirdparty\log4cplus\Include /IE:\Inforsecurity\CaptureClient\Source\thirdparty\protobuf\Include /IE:\Inforsecurity\CaptureClient\Source\thirdparty\sqlite3 /IE:\Inforsecurity\CaptureClient\Source\thirdparty\snappy /IE:\Inforsecurity\CaptureClient\Source\thirdparty\ext_stl /ZI /nologo /W3 /WX- /Od /Oy- /D WIN32 /D _DEBUG /D _CONSOLE /D WPCAP /D HAVE_REMOTE /D _MBCS /D _AFXDLL /Gm /EHsc /RTC1 /MD /GS /fp:precise /Zc:wchar_t /Zc:forScope /Fo"Debug\\" /Fd"Debug\vc100.pdb" /Gd /TP /analyze- /errorReport:prompt AppConfig.cpp base64.cpp CapturePacketThread.cpp EmailParse.cpp LogMod.cpp MainCtrl.cpp PacketStruct.cpp ProtobufThread.cpp ProtoMessage.pb.cc SendDataThread.cpp ServiceCtrl.cpp "snappy\snappy-sinksource.cc" "snappy\snappy-stubs-internal.cc" snappy\snappy.cc SpyClient.cpp stdafx.cpp Utils.cpp
         Utils.cpp
         stdafx.cpp
         SpyClient.cpp
         snappy.cc
     1>e:\inforsecurity\captureclient\source\spyclient\snappy\snappy-stubs-internal.h : warning C4819: The file contains a character that cannot be represented in the current code page (936). Save the file in Unicode format to prevent data loss
     1>e:\inforsecurity\captureclient\source\spyclient\snappy\snappy.cc(1005): warning C4018: '<=' : signed/unsigned mismatch
         snappy-stubs-internal.cc
     1>e:\inforsecurity\captureclient\source\spyclient\snappy\snappy-stubs-internal.h : warning C4819: The file contains a character that cannot be represented in the current code page (936). Save the file in Unicode format to prevent data loss
         snappy-sinksource.cc
         ServiceCtrl.cpp
         SendDataThread.cpp
     1>e:\inforsecurity\captureclient\source\spyclient\senddatathread.cpp(277): warning C4101: 'e' : unreferenced local variable
     1>e:\inforsecurity\captureclient\source\spyclient\senddatathread.cpp(313): warning C4101: 'e' : unreferenced local variable
         ProtoMessage.pb.cc
         ProtobufThread.cpp
     1>e:\inforsecurity\captureclient\source\spyclient\protobufthread.cpp(136): warning C4309: 'initializing' : truncation of constant value
         PacketStruct.cpp
         MainCtrl.cpp
     1>e:\inforsecurity\captureclient\source\spyclient\mainctrl.cpp(136): warning C4244: 'initializing' : conversion from 'ULONGLONG' to 'int', possible loss of data
         LogMod.cpp
     1>e:\inforsecurity\captureclient\source\spyclient\logmod.cpp(125): warning C4996: 'fopen': This function or variable may be unsafe. Consider using fopen_s instead. To disable deprecation, use _CRT_SECURE_NO_WARNINGS. See online help for details.
                 e:\program files (x86)\microsoft visual studio 10.0\vc\include\stdio.h(234) : see declaration of 'fopen'
         EmailParse.cpp
     1>e:\inforsecurity\captureclient\source\spyclient\emailparse.cpp(859): warning C4018: '<' : signed/unsigned mismatch
     1>e:\inforsecurity\captureclient\source\spyclient\emailparse.cpp(857): warning C4101: 'p' : unreferenced local variable
         CapturePacketThread.cpp
     1>e:\inforsecurity\captureclient\source\spyclient\capturepacketthread.cpp(109): warning C4996: 'strcpy': This function or variable may be unsafe. Consider using strcpy_s instead. To disable deprecation, use _CRT_SECURE_NO_WARNINGS. See online help for details.
                 e:\program files (x86)\microsoft visual studio 10.0\vc\include\string.h(105) : see declaration of 'strcpy'
     1>e:\inforsecurity\captureclient\source\spyclient\capturepacketthread.cpp(324): warning C4996: 'sprintf': This function or variable may be unsafe. Consider using sprintf_s instead. To disable deprecation, use _CRT_SECURE_NO_WARNINGS. See online help for details.
                 e:\program files (x86)\microsoft visual studio 10.0\vc\include\stdio.h(371) : see declaration of 'sprintf'
     1>e:\inforsecurity\captureclient\source\spyclient\capturepacketthread.cpp(325): warning C4996: 'sprintf': This function or variable may be unsafe. Consider using sprintf_s instead. To disable deprecation, use _CRT_SECURE_NO_WARNINGS. See online help for details.
                 e:\program files (x86)\microsoft visual studio 10.0\vc\include\stdio.h(371) : see declaration of 'sprintf'
         base64.cpp
     1>e:\inforsecurity\captureclient\source\spyclient\base64.cpp(145): warning C4305: '=' : truncation from 'int' to 'char'
     1>e:\inforsecurity\captureclient\source\spyclient\base64.cpp(145): warning C4309: '=' : truncation of constant value
         AppConfig.cpp
     1>e:\inforsecurity\captureclient\source\spyclient\appconfig.cpp(101): warning C4996: 'sprintf': This function or variable may be unsafe. Consider using sprintf_s instead. To disable deprecation, use _CRT_SECURE_NO_WARNINGS. See online help for details.
                 e:\program files (x86)\microsoft visual studio 10.0\vc\include\stdio.h(371) : see declaration of 'sprintf'
     1>e:\inforsecurity\captureclient\source\spyclient\appconfig.cpp(118): warning C4996: 'strcpy': This function or variable may be unsafe. Consider using strcpy_s instead. To disable deprecation, use _CRT_SECURE_NO_WARNINGS. See online help for details.
                 e:\program files (x86)\microsoft visual studio 10.0\vc\include\string.h(105) : see declaration of 'strcpy'
     1>e:\inforsecurity\captureclient\source\spyclient\appconfig.cpp(122): warning C4996: 'sprintf': This function or variable may be unsafe. Consider using sprintf_s instead. To disable deprecation, use _CRT_SECURE_NO_WARNINGS. See online help for details.
                 e:\program files (x86)\microsoft visual studio 10.0\vc\include\stdio.h(371) : see declaration of 'sprintf'
     1>e:\inforsecurity\captureclient\source\spyclient\appconfig.cpp(129): warning C4996: 'sprintf': This function or variable may be unsafe. Consider using sprintf_s instead. To disable deprecation, use _CRT_SECURE_NO_WARNINGS. See online help for details.
                 e:\program files (x86)\microsoft visual studio 10.0\vc\include\stdio.h(371) : see declaration of 'sprintf'
     1>e:\inforsecurity\captureclient\source\spyclient\appconfig.cpp(143): warning C4996: 'sprintf': This function or variable may be unsafe. Consider using sprintf_s instead. To disable deprecation, use _CRT_SECURE_NO_WARNINGS. See online help for details.
                 e:\program files (x86)\microsoft visual studio 10.0\vc\include\stdio.h(371) : see declaration of 'sprintf'
     1>e:\inforsecurity\captureclient\source\spyclient\appconfig.cpp(152): warning C4996: 'strcpy': This function or variable may be unsafe. Consider using strcpy_s instead. To disable deprecation, use _CRT_SECURE_NO_WARNINGS. See online help for details.
                 e:\program files (x86)\microsoft visual studio 10.0\vc\include\string.h(105) : see declaration of 'strcpy'
     1>e:\inforsecurity\captureclient\source\spyclient\appconfig.cpp(154): warning C4996: 'sprintf': This function or variable may be unsafe. Consider using sprintf_s instead. To disable deprecation, use _CRT_SECURE_NO_WARNINGS. See online help for details.
                 e:\program files (x86)\microsoft visual studio 10.0\vc\include\stdio.h(371) : see declaration of 'sprintf'
     1>e:\inforsecurity\captureclient\source\spyclient\appconfig.cpp(371): warning C4244: 'initializing' : conversion from 'ULONGLONG' to 'int', possible loss of data
     1>e:\inforsecurity\captureclient\source\spyclient\appconfig.cpp(353): warning C4101: 'e' : unreferenced local variable
     1>e:\inforsecurity\captureclient\source\spyclient\appconfig.cpp(391): warning C4996: 'sprintf': This function or variable may be unsafe. Consider using sprintf_s instead. To disable deprecation, use _CRT_SECURE_NO_WARNINGS. See online help for details.
                 e:\program files (x86)\microsoft visual studio 10.0\vc\include\stdio.h(371) : see declaration of 'sprintf'
     1>e:\inforsecurity\captureclient\source\spyclient\appconfig.cpp(403): warning C4996: 'sprintf': This function or variable may be unsafe. Consider using sprintf_s instead. To disable deprecation, use _CRT_SECURE_NO_WARNINGS. See online help for details.
                 e:\program files (x86)\microsoft visual studio 10.0\vc\include\stdio.h(371) : see declaration of 'sprintf'
     1>e:\inforsecurity\captureclient\source\spyclient\appconfig.cpp(409): warning C4996: 'sprintf': This function or variable may be unsafe. Consider using sprintf_s instead. To disable deprecation, use _CRT_SECURE_NO_WARNINGS. See online help for details.
                 e:\program files (x86)\microsoft visual studio 10.0\vc\include\stdio.h(371) : see declaration of 'sprintf'
         Generating Code...
       ManifestResourceCompile:
         C:\Program Files (x86)\Microsoft SDKs\Windows\v7.0A\bin\rc.exe /nologo /fo"Debug\SpyClient.exe.embed.manifest.res" Debug\SpyClient_manifest.rc 
       Link:
         E:\Program Files (x86)\Microsoft Visual Studio 10.0\VC\bin\link.exe /ERRORREPORT:PROMPT /OUT:"E:\Inforsecurity\CaptureClient\Source\Debug\SpyClient.exe" /INCREMENTAL /NOLOGO ws2_32.lib sqlite3.lib wpcap.lib libprotobufd.lib libprotocd.lib log4cplusd.lib Iphlpapi.lib /MANIFEST /ManifestFile:"Debug\SpyClient.exe.intermediate.manifest" /MANIFESTUAC:"level='asInvoker' uiAccess='false'" /DEBUG /PDB:"E:\Inforsecurity\CaptureClient\Source\Debug\SpyClient.pdb" /SUBSYSTEM:CONSOLE /TLBID:1 /DYNAMICBASE /NXCOMPAT /IMPLIB:"E:\Inforsecurity\CaptureClient\Source\Debug\SpyClient.lib" /MACHINE:X86 Debug\SpyClient.exe.embed.manifest.res
         Debug\AppConfig.obj
         Debug\base64.obj
         Debug\CapturePacketThread.obj
         Debug\EmailParse.obj
         Debug\LogMod.obj
         Debug\MainCtrl.obj
         Debug\PacketStruct.obj
         Debug\ProtobufThread.obj
         Debug\ProtoMessage.pb.obj
         Debug\SendDataThread.obj
         Debug\ServiceCtrl.obj
         "Debug\snappy-sinksource.obj"
         "Debug\snappy-stubs-internal.obj"
         Debug\snappy.obj
         Debug\SpyClient.obj
         Debug\stdafx.obj
         Debug\Utils.obj
     1>LINK : warning LNK4098: defaultlib 'MSVCRT' conflicts with use of other libs; use /NODEFAULTLIB:library
     1>libprotobufd.lib(coded_stream.obj) : warning LNK4099: PDB 'vc100.pdb' was not found with 'libprotobufd.lib(coded_stream.obj)' or at 'E:\Inforsecurity\CaptureClient\Source\Debug\vc100.pdb'; linking object as if no debug info
     1>libprotobufd.lib(common.obj) : warning LNK4099: PDB 'vc100.pdb' was not found with 'libprotobufd.lib(common.obj)' or at 'E:\Inforsecurity\CaptureClient\Source\Debug\vc100.pdb'; linking object as if no debug info
     1>libprotobufd.lib(descriptor.obj) : warning LNK4099: PDB 'vc100.pdb' was not found with 'libprotobufd.lib(descriptor.obj)' or at 'E:\Inforsecurity\CaptureClient\Source\Debug\vc100.pdb'; linking object as if no debug info
     1>libprotobufd.lib(descriptor.pb.obj) : warning LNK4099: PDB 'vc100.pdb' was not found with 'libprotobufd.lib(descriptor.pb.obj)' or at 'E:\Inforsecurity\CaptureClient\Source\Debug\vc100.pdb'; linking object as if no debug info
     1>libprotobufd.lib(descriptor_database.obj) : warning LNK4099: PDB 'vc100.pdb' was not found with 'libprotobufd.lib(descriptor_database.obj)' or at 'E:\Inforsecurity\CaptureClient\Source\Debug\vc100.pdb'; linking object as if no debug info
     1>libprotobufd.lib(dynamic_message.obj) : warning LNK4099: PDB 'vc100.pdb' was not found with 'libprotobufd.lib(dynamic_message.obj)' or at 'E:\Inforsecurity\CaptureClient\Source\Debug\vc100.pdb'; linking object as if no debug info
     1>libprotobufd.lib(extension_set.obj) : warning LNK4099: PDB 'vc100.pdb' was not found with 'libprotobufd.lib(extension_set.obj)' or at 'E:\Inforsecurity\CaptureClient\Source\Debug\vc100.pdb'; linking object as if no debug info
     1>libprotobufd.lib(extension_set_heavy.obj) : warning LNK4099: PDB 'vc100.pdb' was not found with 'libprotobufd.lib(extension_set_heavy.obj)' or at 'E:\Inforsecurity\CaptureClient\Source\Debug\vc100.pdb'; linking object as if no debug info
     1>libprotobufd.lib(generated_message_reflection.obj) : warning LNK4099: PDB 'vc100.pdb' was not found with 'libprotobufd.lib(generated_message_reflection.obj)' or at 'E:\Inforsecurity\CaptureClient\Source\Debug\vc100.pdb'; linking object as if no debug info
     1>libprotobufd.lib(generated_message_util.obj) : warning LNK4099: PDB 'vc100.pdb' was not found with 'libprotobufd.lib(generated_message_util.obj)' or at 'E:\Inforsecurity\CaptureClient\Source\Debug\vc100.pdb'; linking object as if no debug info
     1>libprotobufd.lib(message.obj) : warning LNK4099: PDB 'vc100.pdb' was not found with 'libprotobufd.lib(message.obj)' or at 'E:\Inforsecurity\CaptureClient\Source\Debug\vc100.pdb'; linking object as if no debug info
     1>libprotobufd.lib(message_lite.obj) : warning LNK4099: PDB 'vc100.pdb' was not found with 'libprotobufd.lib(message_lite.obj)' or at 'E:\Inforsecurity\CaptureClient\Source\Debug\vc100.pdb'; linking object as if no debug info
     1>libprotobufd.lib(once.obj) : warning LNK4099: PDB 'vc100.pdb' was not found with 'libprotobufd.lib(once.obj)' or at 'E:\Inforsecurity\CaptureClient\Source\Debug\vc100.pdb'; linking object as if no debug info
     1>libprotobufd.lib(reflection_ops.obj) : warning LNK4099: PDB 'vc100.pdb' was not found with 'libprotobufd.lib(reflection_ops.obj)' or at 'E:\Inforsecurity\CaptureClient\Source\Debug\vc100.pdb'; linking object as if no debug info
     1>libprotobufd.lib(repeated_field.obj) : warning LNK4099: PDB 'vc100.pdb' was not found with 'libprotobufd.lib(repeated_field.obj)' or at 'E:\Inforsecurity\CaptureClient\Source\Debug\vc100.pdb'; linking object as if no debug info
     1>libprotobufd.lib(structurally_valid.obj) : warning LNK4099: PDB 'vc100.pdb' was not found with 'libprotobufd.lib(structurally_valid.obj)' or at 'E:\Inforsecurity\CaptureClient\Source\Debug\vc100.pdb'; linking object as if no debug info
     1>libprotobufd.lib(strutil.obj) : warning LNK4099: PDB 'vc100.pdb' was not found with 'libprotobufd.lib(strutil.obj)' or at 'E:\Inforsecurity\CaptureClient\Source\Debug\vc100.pdb'; linking object as if no debug info
     1>libprotobufd.lib(substitute.obj) : warning LNK4099: PDB 'vc100.pdb' was not found with 'libprotobufd.lib(substitute.obj)' or at 'E:\Inforsecurity\CaptureClient\Source\Debug\vc100.pdb'; linking object as if no debug info
     1>libprotobufd.lib(text_format.obj) : warning LNK4099: PDB 'vc100.pdb' was not found with 'libprotobufd.lib(text_format.obj)' or at 'E:\Inforsecurity\CaptureClient\Source\Debug\vc100.pdb'; linking object as if no debug info
     1>libprotobufd.lib(tokenizer.obj) : warning LNK4099: PDB 'vc100.pdb' was not found with 'libprotobufd.lib(tokenizer.obj)' or at 'E:\Inforsecurity\CaptureClient\Source\Debug\vc100.pdb'; linking object as if no debug info
     1>libprotobufd.lib(unknown_field_set.obj) : warning LNK4099: PDB 'vc100.pdb' was not found with 'libprotobufd.lib(unknown_field_set.obj)' or at 'E:\Inforsecurity\CaptureClient\Source\Debug\vc100.pdb'; linking object as if no debug info
     1>libprotobufd.lib(wire_format.obj) : warning LNK4099: PDB 'vc100.pdb' was not found with 'libprotobufd.lib(wire_format.obj)' or at 'E:\Inforsecurity\CaptureClient\Source\Debug\vc100.pdb'; linking object as if no debug info
     1>libprotobufd.lib(wire_format_lite.obj) : warning LNK4099: PDB 'vc100.pdb' was not found with 'libprotobufd.lib(wire_format_lite.obj)' or at 'E:\Inforsecurity\CaptureClient\Source\Debug\vc100.pdb'; linking object as if no debug info
     1>libprotobufd.lib(zero_copy_stream.obj) : warning LNK4099: PDB 'vc100.pdb' was not found with 'libprotobufd.lib(zero_copy_stream.obj)' or at 'E:\Inforsecurity\CaptureClient\Source\Debug\vc100.pdb'; linking object as if no debug info
     1>libprotobufd.lib(zero_copy_stream_impl.obj) : warning LNK4099: PDB 'vc100.pdb' was not found with 'libprotobufd.lib(zero_copy_stream_impl.obj)' or at 'E:\Inforsecurity\CaptureClient\Source\Debug\vc100.pdb'; linking object as if no debug info
     1>libprotobufd.lib(zero_copy_stream_impl_lite.obj) : warning LNK4099: PDB 'vc100.pdb' was not found with 'libprotobufd.lib(zero_copy_stream_impl_lite.obj)' or at 'E:\Inforsecurity\CaptureClient\Source\Debug\vc100.pdb'; linking object as if no debug info
       Manifest:
         Deleting file "Debug\SpyClient.exe.embed.manifest".
         C:\Program Files (x86)\Microsoft SDKs\Windows\v7.0A\bin\mt.exe /nologo /verbose /out:"Debug\SpyClient.exe.embed.manifest" /manifest Debug\SpyClient.exe.intermediate.manifest "E:\Program Files (x86)\Microsoft Visual Studio 10.0\VC\Include\Manifest\dpiaware.manifest"
         C:\Program Files (x86)\Microsoft SDKs\Windows\v7.0A\bin\rc.exe /nologo /fo"Debug\SpyClient.exe.embed.manifest.res" Debug\SpyClient_manifest.rc 
       LinkEmbedManifest:
         E:\Program Files (x86)\Microsoft Visual Studio 10.0\VC\bin\link.exe /ERRORREPORT:PROMPT /OUT:"E:\Inforsecurity\CaptureClient\Source\Debug\SpyClient.exe" /INCREMENTAL /NOLOGO ws2_32.lib sqlite3.lib wpcap.lib libprotobufd.lib libprotocd.lib log4cplusd.lib Iphlpapi.lib /MANIFEST /ManifestFile:"Debug\SpyClient.exe.intermediate.manifest" /MANIFESTUAC:"level='asInvoker' uiAccess='false'" /DEBUG /PDB:"E:\Inforsecurity\CaptureClient\Source\Debug\SpyClient.pdb" /SUBSYSTEM:CONSOLE /TLBID:1 /DYNAMICBASE /NXCOMPAT /IMPLIB:"E:\Inforsecurity\CaptureClient\Source\Debug\SpyClient.lib" /MACHINE:X86 Debug\SpyClient.exe.embed.manifest.res
         Debug\AppConfig.obj
         Debug\base64.obj
         Debug\CapturePacketThread.obj
         Debug\EmailParse.obj
         Debug\LogMod.obj
         Debug\MainCtrl.obj
         Debug\PacketStruct.obj
         Debug\ProtobufThread.obj
         Debug\ProtoMessage.pb.obj
         Debug\SendDataThread.obj
         Debug\ServiceCtrl.obj
         "Debug\snappy-sinksource.obj"
         "Debug\snappy-stubs-internal.obj"
         Debug\snappy.obj
         Debug\SpyClient.obj
         Debug\stdafx.obj
         Debug\Utils.obj
     1>LINK : warning LNK4098: defaultlib 'MSVCRT' conflicts with use of other libs; use /NODEFAULTLIB:library
     1>libprotobufd.lib(coded_stream.obj) : warning LNK4099: PDB 'vc100.pdb' was not found with 'libprotobufd.lib(coded_stream.obj)' or at 'E:\Inforsecurity\CaptureClient\Source\Debug\vc100.pdb'; linking object as if no debug info
     1>libprotobufd.lib(common.obj) : warning LNK4099: PDB 'vc100.pdb' was not found with 'libprotobufd.lib(common.obj)' or at 'E:\Inforsecurity\CaptureClient\Source\Debug\vc100.pdb'; linking object as if no debug info
     1>libprotobufd.lib(descriptor.obj) : warning LNK4099: PDB 'vc100.pdb' was not found with 'libprotobufd.lib(descriptor.obj)' or at 'E:\Inforsecurity\CaptureClient\Source\Debug\vc100.pdb'; linking object as if no debug info
     1>libprotobufd.lib(descriptor.pb.obj) : warning LNK4099: PDB 'vc100.pdb' was not found with 'libprotobufd.lib(descriptor.pb.obj)' or at 'E:\Inforsecurity\CaptureClient\Source\Debug\vc100.pdb'; linking object as if no debug info
     1>libprotobufd.lib(descriptor_database.obj) : warning LNK4099: PDB 'vc100.pdb' was not found with 'libprotobufd.lib(descriptor_database.obj)' or at 'E:\Inforsecurity\CaptureClient\Source\Debug\vc100.pdb'; linking object as if no debug info
     1>libprotobufd.lib(dynamic_message.obj) : warning LNK4099: PDB 'vc100.pdb' was not found with 'libprotobufd.lib(dynamic_message.obj)' or at 'E:\Inforsecurity\CaptureClient\Source\Debug\vc100.pdb'; linking object as if no debug info
     1>libprotobufd.lib(extension_set.obj) : warning LNK4099: PDB 'vc100.pdb' was not found with 'libprotobufd.lib(extension_set.obj)' or at 'E:\Inforsecurity\CaptureClient\Source\Debug\vc100.pdb'; linking object as if no debug info
     1>libprotobufd.lib(extension_set_heavy.obj) : warning LNK4099: PDB 'vc100.pdb' was not found with 'libprotobufd.lib(extension_set_heavy.obj)' or at 'E:\Inforsecurity\CaptureClient\Source\Debug\vc100.pdb'; linking object as if no debug info
     1>libprotobufd.lib(generated_message_reflection.obj) : warning LNK4099: PDB 'vc100.pdb' was not found with 'libprotobufd.lib(generated_message_reflection.obj)' or at 'E:\Inforsecurity\CaptureClient\Source\Debug\vc100.pdb'; linking object as if no debug info
     1>libprotobufd.lib(generated_message_util.obj) : warning LNK4099: PDB 'vc100.pdb' was not found with 'libprotobufd.lib(generated_message_util.obj)' or at 'E:\Inforsecurity\CaptureClient\Source\Debug\vc100.pdb'; linking object as if no debug info
     1>libprotobufd.lib(message.obj) : warning LNK4099: PDB 'vc100.pdb' was not found with 'libprotobufd.lib(message.obj)' or at 'E:\Inforsecurity\CaptureClient\Source\Debug\vc100.pdb'; linking object as if no debug info
     1>libprotobufd.lib(message_lite.obj) : warning LNK4099: PDB 'vc100.pdb' was not found with 'libprotobufd.lib(message_lite.obj)' or at 'E:\Inforsecurity\CaptureClient\Source\Debug\vc100.pdb'; linking object as if no debug info
     1>libprotobufd.lib(once.obj) : warning LNK4099: PDB 'vc100.pdb' was not found with 'libprotobufd.lib(once.obj)' or at 'E:\Inforsecurity\CaptureClient\Source\Debug\vc100.pdb'; linking object as if no debug info
     1>libprotobufd.lib(reflection_ops.obj) : warning LNK4099: PDB 'vc100.pdb' was not found with 'libprotobufd.lib(reflection_ops.obj)' or at 'E:\Inforsecurity\CaptureClient\Source\Debug\vc100.pdb'; linking object as if no debug info
     1>libprotobufd.lib(repeated_field.obj) : warning LNK4099: PDB 'vc100.pdb' was not found with 'libprotobufd.lib(repeated_field.obj)' or at 'E:\Inforsecurity\CaptureClient\Source\Debug\vc100.pdb'; linking object as if no debug info
     1>libprotobufd.lib(structurally_valid.obj) : warning LNK4099: PDB 'vc100.pdb' was not found with 'libprotobufd.lib(structurally_valid.obj)' or at 'E:\Inforsecurity\CaptureClient\Source\Debug\vc100.pdb'; linking object as if no debug info
     1>libprotobufd.lib(strutil.obj) : warning LNK4099: PDB 'vc100.pdb' was not found with 'libprotobufd.lib(strutil.obj)' or at 'E:\Inforsecurity\CaptureClient\Source\Debug\vc100.pdb'; linking object as if no debug info
     1>libprotobufd.lib(substitute.obj) : warning LNK4099: PDB 'vc100.pdb' was not found with 'libprotobufd.lib(substitute.obj)' or at 'E:\Inforsecurity\CaptureClient\Source\Debug\vc100.pdb'; linking object as if no debug info
     1>libprotobufd.lib(text_format.obj) : warning LNK4099: PDB 'vc100.pdb' was not found with 'libprotobufd.lib(text_format.obj)' or at 'E:\Inforsecurity\CaptureClient\Source\Debug\vc100.pdb'; linking object as if no debug info
     1>libprotobufd.lib(tokenizer.obj) : warning LNK4099: PDB 'vc100.pdb' was not found with 'libprotobufd.lib(tokenizer.obj)' or at 'E:\Inforsecurity\CaptureClient\Source\Debug\vc100.pdb'; linking object as if no debug info
     1>libprotobufd.lib(unknown_field_set.obj) : warning LNK4099: PDB 'vc100.pdb' was not found with 'libprotobufd.lib(unknown_field_set.obj)' or at 'E:\Inforsecurity\CaptureClient\Source\Debug\vc100.pdb'; linking object as if no debug info
     1>libprotobufd.lib(wire_format.obj) : warning LNK4099: PDB 'vc100.pdb' was not found with 'libprotobufd.lib(wire_format.obj)' or at 'E:\Inforsecurity\CaptureClient\Source\Debug\vc100.pdb'; linking object as if no debug info
     1>libprotobufd.lib(wire_format_lite.obj) : warning LNK4099: PDB 'vc100.pdb' was not found with 'libprotobufd.lib(wire_format_lite.obj)' or at 'E:\Inforsecurity\CaptureClient\Source\Debug\vc100.pdb'; linking object as if no debug info
     1>libprotobufd.lib(zero_copy_stream.obj) : warning LNK4099: PDB 'vc100.pdb' was not found with 'libprotobufd.lib(zero_copy_stream.obj)' or at 'E:\Inforsecurity\CaptureClient\Source\Debug\vc100.pdb'; linking object as if no debug info
     1>libprotobufd.lib(zero_copy_stream_impl.obj) : warning LNK4099: PDB 'vc100.pdb' was not found with 'libprotobufd.lib(zero_copy_stream_impl.obj)' or at 'E:\Inforsecurity\CaptureClient\Source\Debug\vc100.pdb'; linking object as if no debug info
     1>libprotobufd.lib(zero_copy_stream_impl_lite.obj) : warning LNK4099: PDB 'vc100.pdb' was not found with 'libprotobufd.lib(zero_copy_stream_impl_lite.obj)' or at 'E:\Inforsecurity\CaptureClient\Source\Debug\vc100.pdb'; linking object as if no debug info
         SpyClient.vcxproj -> E:\Inforsecurity\CaptureClient\Source\Debug\SpyClient.exe
       FinalizeBuildStatus:
         Deleting file "Debug\SpyClient.unsuccessfulbuild".
         Touching "Debug\SpyClient.lastbuildstate".
     1>Done Building Project "E:\Inforsecurity\CaptureClient\Source\SpyClient\SpyClient.vcxproj" (rebuild target(s)).

Build succeeded.

Time Elapsed 00:00:35.57
