E:\INFORSECURITY\CAPTURECLIENT\SOURCE\RELEASE\SPYCLIENT.EXE
E:\INFORSECURITY\CAPTURECLIENT\SOURCE\RELEASE\SPYCLIENT.PDB
E:\INFORSECURITY\CAPTURECLIENT\SOURCE\SPYCLIENT\RELEASE\APPCONFIG.OBJ
E:\INFORSECURITY\CAPTURECLIENT\SOURCE\SPYCLIENT\RELEASE\BASE64.OBJ
E:\INFORSECURITY\CAPTURECLIENT\SOURCE\SPYCLIENT\RELEASE\CAPTUREPACKETTHREAD.OBJ
E:\Inforsecurity\CaptureClient\Source\SpyClient\Release\cl.command.1.tlog
E:\Inforsecurity\CaptureClient\Source\SpyClient\Release\CL.read.1.tlog
E:\Inforsecurity\CaptureClient\Source\SpyClient\Release\CL.write.1.tlog
E:\INFORSECURITY\CAPTURECLIENT\SOURCE\SPYCLIENT\RELEASE\EMAILPARSE.OBJ
E:\Inforsecurity\CaptureClient\Source\SpyClient\Release\link.command.1.tlog
E:\Inforsecurity\CaptureClient\Source\SpyClient\Release\link.read.1.tlog
E:\Inforsecurity\CaptureClient\Source\SpyClient\Release\link.write.1.tlog
E:\INFORSECURITY\CAPTURECLIENT\SOURCE\SPYCLIENT\RELEASE\LOGMOD.OBJ
E:\INFORSECURITY\CAPTURECLIENT\SOURCE\SPYCLIENT\RELEASE\MAINCTRL.OBJ
E:\Inforsecurity\CaptureClient\Source\SpyClient\Release\mt.command.1.tlog
E:\Inforsecurity\CaptureClient\Source\SpyClient\Release\mt.read.1.tlog
E:\Inforsecurity\CaptureClient\Source\SpyClient\Release\mt.write.1.tlog
E:\INFORSECURITY\CAPTURECLIENT\SOURCE\SPYCLIENT\RELEASE\PACKETSTRUCT.OBJ
E:\INFORSECURITY\CAPTURECLIENT\SOURCE\SPYCLIENT\RELEASE\PROTOBUFTHREAD.OBJ
E:\INFORSECURITY\CAPTURECLIENT\SOURCE\SPYCLIENT\RELEASE\PROTOMESSAGE.PB.OBJ
E:\INFORSECURITY\CAPTURECLIENT\SOURCE\SPYCLIENT\RELEASE\SENDDATATHREAD.OBJ
E:\INFORSECURITY\CAPTURECLIENT\SOURCE\SPYCLIENT\RELEASE\SERVICECTRL.OBJ
E:\INFORSECURITY\CAPTURECLIENT\SOURCE\SPYCLIENT\RELEASE\SNAPPY.OBJ
E:\INFORSECURITY\CAPTURECLIENT\SOURCE\SPYCLIENT\RELEASE\SNAPPY-SINKSOURCE.OBJ
E:\INFORSECURITY\CAPTURECLIENT\SOURCE\SPYCLIENT\RELEASE\SNAPPY-STUBS-INTERNAL.OBJ
E:\INFORSECURITY\CAPTURECLIENT\SOURCE\SPYCLIENT\RELEASE\SPYCLIENT.EXE.INTERMEDIATE.MANIFEST
E:\INFORSECURITY\CAPTURECLIENT\SOURCE\SPYCLIENT\RELEASE\SPYCLIENT.OBJ
E:\INFORSECURITY\CAPTURECLIENT\SOURCE\SPYCLIENT\RELEASE\STDAFX.OBJ
E:\INFORSECURITY\CAPTURECLIENT\SOURCE\SPYCLIENT\RELEASE\UTILS.OBJ
E:\INFORSECURITY\CAPTURECLIENT\SOURCE\SPYCLIENT\RELEASE\VC100.PDB
