Build started 2013/3/25 13:20:49.
     1>Project "E:\Inforsecurity\CaptureClient\Source\StandBy\SpyClient\Standby.vcxproj" on node 2 (rebuild target(s)).
     1>_PrepareForClean:
         Deleting file "Debug\StandBy.lastbuildstate".
       InitializeBuildStatus:
         Touching "Debug\StandBy.unsuccessfulbuild".
       ClCompile:
         E:\Program Files (x86)\Microsoft Visual Studio 10.0\VC\bin\CL.exe /c /ZI /nologo /W3 /WX- /Od /Oy- /D WIN32 /D _DEBUG /D _CONSOLE /D WPCAP /D HAVE_REMOTE /D _UNICODE /D UNICODE /D _AFXDLL /Gm /EHsc /RTC1 /MD /GS /fp:precise /Zc:wchar_t /Zc:forScope /Yc"StdAfx.h" /Fp"Debug\StandBy.pch" /Fo"Debug\\" /Fd"Debug\vc100.pdb" /Gd /TP /analyze- /errorReport:prompt stdafx.cpp
         stdafx.cpp
         E:\Program Files (x86)\Microsoft Visual Studio 10.0\VC\bin\CL.exe /c /ZI /nologo /W3 /WX- /Od /Oy- /D WIN32 /D _DEBUG /D _CONSOLE /D WPCAP /D HAVE_REMOTE /D _UNICODE /D UNICODE /D _AFXDLL /Gm /EHsc /RTC1 /MD /GS /fp:precise /Zc:wchar_t /Zc:forScope /Yu"StdAfx.h" /Fp"Debug\StandBy.pch" /Fo"Debug\\" /Fd"Debug\vc100.pdb" /Gd /TP /analyze- /errorReport:prompt MonCtrl.cpp ServiceCtrl.cpp StandBy.cpp
         StandBy.cpp
     1>e:\inforsecurity\captureclient\source\standby\spyclient\standby.cpp(37): warning C4996: 'sprintf': This function or variable may be unsafe. Consider using sprintf_s instead. To disable deprecation, use _CRT_SECURE_NO_WARNINGS. See online help for details.
                 e:\program files (x86)\microsoft visual studio 10.0\vc\include\stdio.h(371) : see declaration of 'sprintf'
     1>e:\inforsecurity\captureclient\source\standby\spyclient\standby.cpp(44): warning C4996: 'fopen': This function or variable may be unsafe. Consider using fopen_s instead. To disable deprecation, use _CRT_SECURE_NO_WARNINGS. See online help for details.
                 e:\program files (x86)\microsoft visual studio 10.0\vc\include\stdio.h(234) : see declaration of 'fopen'
         ServiceCtrl.cpp
         MonCtrl.cpp
     1>e:\inforsecurity\captureclient\source\standby\spyclient\monctrl.cpp(103): warning C4996: 'strcpy': This function or variable may be unsafe. Consider using strcpy_s instead. To disable deprecation, use _CRT_SECURE_NO_WARNINGS. See online help for details.
                 e:\program files (x86)\microsoft visual studio 10.0\vc\include\string.h(105) : see declaration of 'strcpy'
     1>e:\inforsecurity\captureclient\source\standby\spyclient\monctrl.cpp(174): warning C4996: 'fopen': This function or variable may be unsafe. Consider using fopen_s instead. To disable deprecation, use _CRT_SECURE_NO_WARNINGS. See online help for details.
                 e:\program files (x86)\microsoft visual studio 10.0\vc\include\stdio.h(234) : see declaration of 'fopen'
         Generating Code...
       ManifestResourceCompile:
         C:\Program Files (x86)\Microsoft SDKs\Windows\v7.0A\bin\rc.exe /nologo /fo"Debug\StandBy.exe.embed.manifest.res" Debug\StandBy_manifest.rc 
       Link:
         E:\Program Files (x86)\Microsoft Visual Studio 10.0\VC\bin\link.exe /ERRORREPORT:PROMPT /OUT:"E:\Inforsecurity\CaptureClient\Source\Debug\StandBy.exe" /INCREMENTAL /NOLOGO ws2_32.lib /MANIFEST /ManifestFile:"Debug\StandBy.exe.intermediate.manifest" /MANIFESTUAC:"level='asInvoker' uiAccess='false'" /DEBUG /PDB:"E:\Inforsecurity\CaptureClient\Source\Debug\StandBy.pdb" /SUBSYSTEM:CONSOLE /TLBID:1 /DYNAMICBASE /NXCOMPAT /IMPLIB:"E:\Inforsecurity\CaptureClient\Source\Debug\StandBy.lib" /MACHINE:X86 Debug\StandBy.exe.embed.manifest.res
         Debug\MonCtrl.obj
         Debug\ServiceCtrl.obj
         Debug\StandBy.obj
         Debug\stdafx.obj
     1>LINK : warning LNK4098: defaultlib 'MSVCRT' conflicts with use of other libs; use /NODEFAULTLIB:library
       Manifest:
         Deleting file "Debug\StandBy.exe.embed.manifest".
         C:\Program Files (x86)\Microsoft SDKs\Windows\v7.0A\bin\mt.exe /nologo /verbose /out:"Debug\StandBy.exe.embed.manifest" /manifest Debug\StandBy.exe.intermediate.manifest "E:\Program Files (x86)\Microsoft Visual Studio 10.0\VC\Include\Manifest\dpiaware.manifest"
         C:\Program Files (x86)\Microsoft SDKs\Windows\v7.0A\bin\rc.exe /nologo /fo"Debug\StandBy.exe.embed.manifest.res" Debug\StandBy_manifest.rc 
       LinkEmbedManifest:
         E:\Program Files (x86)\Microsoft Visual Studio 10.0\VC\bin\link.exe /ERRORREPORT:PROMPT /OUT:"E:\Inforsecurity\CaptureClient\Source\Debug\StandBy.exe" /INCREMENTAL /NOLOGO ws2_32.lib /MANIFEST /ManifestFile:"Debug\StandBy.exe.intermediate.manifest" /MANIFESTUAC:"level='asInvoker' uiAccess='false'" /DEBUG /PDB:"E:\Inforsecurity\CaptureClient\Source\Debug\StandBy.pdb" /SUBSYSTEM:CONSOLE /TLBID:1 /DYNAMICBASE /NXCOMPAT /IMPLIB:"E:\Inforsecurity\CaptureClient\Source\Debug\StandBy.lib" /MACHINE:X86 Debug\StandBy.exe.embed.manifest.res
         Debug\MonCtrl.obj
         Debug\ServiceCtrl.obj
         Debug\StandBy.obj
         Debug\stdafx.obj
     1>LINK : warning LNK4098: defaultlib 'MSVCRT' conflicts with use of other libs; use /NODEFAULTLIB:library
         Standby.vcxproj -> E:\Inforsecurity\CaptureClient\Source\Debug\StandBy.exe
       FinalizeBuildStatus:
         Deleting file "Debug\StandBy.unsuccessfulbuild".
         Touching "Debug\StandBy.lastbuildstate".
     1>Done Building Project "E:\Inforsecurity\CaptureClient\Source\StandBy\SpyClient\Standby.vcxproj" (rebuild target(s)).

Build succeeded.

Time Elapsed 00:00:04.61
